d:\source\fidelity\source\engine\engine.dir\debug\engine.pdb
d:\source\fidelity\source\engine\engine.dir\debug\renderingsystem.obj
d:\source\fidelity\source\engine\engine.dir\debug\camera.obj
d:\source\fidelity\source\engine\engine.dir\debug\application.obj
d:\source\fidelity\source\engine\engine.dir\debug\rendercommand.obj
d:\source\fidelity\source\engine\engine.dir\debug\material.obj
d:\source\fidelity\source\engine\engine.dir\debug\vector4.obj
d:\source\fidelity\source\engine\engine.dir\debug\vector3.obj
d:\source\fidelity\source\engine\engine.dir\debug\vector2.obj
d:\source\fidelity\source\engine\engine.dir\debug\radian.obj
d:\source\fidelity\source\engine\engine.dir\debug\quaternion.obj
d:\source\fidelity\source\engine\engine.dir\debug\matrix4.obj
d:\source\fidelity\source\engine\engine.dir\debug\matrix3.obj
d:\source\fidelity\source\engine\engine.dir\debug\math.obj
d:\source\fidelity\source\engine\engine.dir\debug\degree.obj
d:\source\fidelity\source\engine\engine.dir\debug\cubemap.obj
d:\source\fidelity\source\engine\engine.dir\debug\constantbuffer.obj
d:\source\fidelity\source\engine\engine.dir\debug\inputmanager.obj
d:\source\fidelity\source\engine\engine.dir\debug\vertexbuffer.obj
d:\source\fidelity\source\engine\engine.dir\debug\texture.obj
d:\source\fidelity\source\engine\engine.dir\debug\framebuffer.obj
d:\source\fidelity\source\engine\engine.dir\debug\transform.obj
d:\source\fidelity\source\engine\engine.dir\debug\meshfactory.obj
d:\source\fidelity\source\engine\engine.dir\debug\staticmesh.obj
d:\source\fidelity\source\engine\engine.dir\debug\shadercollection.obj
d:\source\fidelity\source\engine\engine.dir\debug\pointlight.obj
d:\source\fidelity\source\engine\engine.dir\debug\shader.obj
d:\source\fidelity\source\engine\engine.dir\debug\uimanager.obj
d:\source\fidelity\source\engine\engine.dir\debug\scenemanager.obj
d:\source\fidelity\source\engine\engine.dir\debug\scene.obj
d:\source\fidelity\source\engine\engine.dir\debug\worldobject.obj
d:\source\fidelity\source\engine\engine.dir\debug\renderer.obj
d:\source\fidelity\source\engine\engine.dir\debug\panel.obj
d:\source\fidelity\source\engine\engine.dir\debug\assetmanager.obj
d:\source\fidelity\source\engine\engine.dir\debug\scenenode.obj
d:\source\fidelity\source\engine\engine.dir\debug\orbitalcamera.obj
d:\source\fidelity\source\engine\cmakefiles\generate.stamp
d:\source\fidelity\source\engine\debug\engine.lib
d:\source\fidelity\source\engine\debug\engine.pdb
d:\source\fidelity\source\engine\engine.dir\debug\engine.tlog\cl.command.1.tlog
d:\source\fidelity\source\engine\engine.dir\debug\engine.tlog\cl.read.1.tlog
d:\source\fidelity\source\engine\engine.dir\debug\engine.tlog\cl.write.1.tlog
d:\source\fidelity\source\engine\engine.dir\debug\engine.tlog\custombuild.command.1.tlog
d:\source\fidelity\source\engine\engine.dir\debug\engine.tlog\custombuild.read.1.tlog
d:\source\fidelity\source\engine\engine.dir\debug\engine.tlog\custombuild.write.1.tlog
d:\source\fidelity\source\engine\engine.dir\debug\engine.tlog\lib-link.write.1.tlog
d:\source\fidelity\source\engine\engine.dir\debug\engine.tlog\lib.command.1.tlog
d:\source\fidelity\source\engine\engine.dir\debug\engine.tlog\lib.read.1.tlog
